{"timestamp": "2026-02-01T21:56:18.858593", "user": "SYSTEM", "action": "EXECUTION_START", "resource": "DailyOrchestrator", "status": "INITIATED", "details": "Execution ID: 1aeef82b"}
{"timestamp": "2026-02-01T21:57:02.534385", "user": "SYSTEM", "action": "MESSAGE_COLLECTION", "resource": "WhatsApp", "status": "FAILED", "details": "Message: no such element: Unable to locate element: {\"method\":\"css selector\",\"selector\":\"canvas\"}\n  (Session info: chrome=144.0.7559.110); For documentation on this error, please visit: https://www.selenium.dev/documentation/webdriver/troubleshooting/errors#nosuchelementexception\nStacktrace:\nSymbols not available. Dumping unresolved backtrace:\n\t0x7ff74589a535\n\t0x7ff74589a590\n\t0x7ff7456410bd\n\t0x7ff74569c48e\n\t0x7ff74569c79c\n\t0x7ff7456ed3a7\n\t0x7ff7456e9ef5\n\t0x7ff74568cc9c\n\t0x7ff74568dbe3\n\t0x7ff745b77b60\n\t0x7ff745b71f5d\n\t0x7ff745b9311a\n\t0x7ff7458b60a5\n\t0x7ff7458be73c\n\t0x7ff7458a3844\n\t0x7ff7458a39f6\n\t0x7ff745889a07\n\t0x7fff4d5be8d7\n\t0x7fff4f66c53c\n"}
{"timestamp": "2026-02-01T21:57:10.465860", "user": "SYSTEM", "action": "MESSAGE_COLLECTION", "resource": "WhatsApp", "status": "FAILED", "details": "Message: session not created: Chrome instance exited. Examine ChromeDriver verbose log to determine the cause.; For documentation on this error, please visit: https://www.selenium.dev/documentation/webdriver/troubleshooting/errors#sessionnotcreatedexception\nStacktrace:\nSymbols not available. Dumping unresolved backtrace:\n\t0x7ff74589a535\n\t0x7ff74589a590\n\t0x7ff7456410bd\n\t0x7ff745681be4\n\t0x7ff74567d119\n\t0x7ff7456d4221\n\t0x7ff7456d3a86\n\t0x7ff74568cc9c\n\t0x7ff74568dbe3\n\t0x7ff745b77b60\n\t0x7ff745b71f5d\n\t0x7ff745b9311a\n\t0x7ff7458b60a5\n\t0x7ff7458be73c\n\t0x7ff7458a3844\n\t0x7ff7458a39f6\n\t0x7ff745889a07\n\t0x7fff4d5be8d7\n\t0x7fff4f66c53c\n"}
{"timestamp": "2026-02-01T21:57:24.568609", "user": "SYSTEM", "action": "MESSAGE_COLLECTION", "resource": "WhatsApp", "status": "FAILED", "details": "Message: session not created: Chrome instance exited. Examine ChromeDriver verbose log to determine the cause.; For documentation on this error, please visit: https://www.selenium.dev/documentation/webdriver/troubleshooting/errors#sessionnotcreatedexception\nStacktrace:\nSymbols not available. Dumping unresolved backtrace:\n\t0x7ff74589a535\n\t0x7ff74589a590\n\t0x7ff7456410bd\n\t0x7ff745681be4\n\t0x7ff74567d119\n\t0x7ff7456d4221\n\t0x7ff7456d3a86\n\t0x7ff74568cc9c\n\t0x7ff74568dbe3\n\t0x7ff745b77b60\n\t0x7ff745b71f5d\n\t0x7ff745b9311a\n\t0x7ff7458b60a5\n\t0x7ff7458be73c\n\t0x7ff7458a3844\n\t0x7ff7458a39f6\n\t0x7ff745889a07\n\t0x7fff4d5be8d7\n\t0x7fff4f66c53c\n"}
{"timestamp": "2026-02-01T21:57:24.637546", "user": "SYSTEM", "action": "PRICE_EXTRACTION", "resource": "Database", "status": "SUCCESS", "details": "Extracted 0 prices"}
{"timestamp": "2026-02-01T21:57:24.677958", "user": "SYSTEM", "action": "REPORT_GENERATION", "resource": "FileSystem", "status": "SUCCESS", "details": "2 reports generated"}
{"timestamp": "2026-02-01T21:57:28.751945", "user": "SYSTEM", "action": "REPORT_SEND", "resource": "WhatsApp", "status": "FAILED", "details": "Message: session not created: Chrome instance exited. Examine ChromeDriver verbose log to determine the cause.; For documentation on this error, please visit: https://www.selenium.dev/documentation/webdriver/troubleshooting/errors#sessionnotcreatedexception\nStacktrace:\nSymbols not available. Dumping unresolved backtrace:\n\t0x7ff74589a535\n\t0x7ff74589a590\n\t0x7ff7456410bd\n\t0x7ff745681be4\n\t0x7ff74567d119\n\t0x7ff7456d4221\n\t0x7ff7456d3a86\n\t0x7ff74568cc9c\n\t0x7ff74568dbe3\n\t0x7ff745b77b60\n\t0x7ff745b71f5d\n\t0x7ff745b9311a\n\t0x7ff7458b60a5\n\t0x7ff7458be73c\n\t0x7ff7458a3844\n\t0x7ff7458a39f6\n\t0x7ff745889a07\n\t0x7fff4d5be8d7\n\t0x7fff4f66c53c\n"}
{"timestamp": "2026-02-01T21:57:36.613799", "user": "SYSTEM", "action": "REPORT_SEND", "resource": "WhatsApp", "status": "FAILED", "details": "Message: session not created: Chrome instance exited. Examine ChromeDriver verbose log to determine the cause.; For documentation on this error, please visit: https://www.selenium.dev/documentation/webdriver/troubleshooting/errors#sessionnotcreatedexception\nStacktrace:\nSymbols not available. Dumping unresolved backtrace:\n\t0x7ff74589a535\n\t0x7ff74589a590\n\t0x7ff7456410bd\n\t0x7ff745681be4\n\t0x7ff74567d119\n\t0x7ff7456d4221\n\t0x7ff7456d3a86\n\t0x7ff74568cc9c\n\t0x7ff74568dbe3\n\t0x7ff745b77b60\n\t0x7ff745b71f5d\n\t0x7ff745b9311a\n\t0x7ff7458b60a5\n\t0x7ff7458be73c\n\t0x7ff7458a3844\n\t0x7ff7458a39f6\n\t0x7ff745889a07\n\t0x7fff4d5be8d7\n\t0x7fff4f66c53c\n"}
{"timestamp": "2026-02-01T21:57:51.255559", "user": "SYSTEM", "action": "REPORT_SEND", "resource": "WhatsApp", "status": "FAILED", "details": "Message: session not created: Chrome instance exited. Examine ChromeDriver verbose log to determine the cause.; For documentation on this error, please visit: https://www.selenium.dev/documentation/webdriver/troubleshooting/errors#sessionnotcreatedexception\nStacktrace:\nSymbols not available. Dumping unresolved backtrace:\n\t0x7ff74589a535\n\t0x7ff74589a590\n\t0x7ff7456410bd\n\t0x7ff745681be4\n\t0x7ff74567d119\n\t0x7ff7456d4221\n\t0x7ff7456d3a86\n\t0x7ff74568cc9c\n\t0x7ff74568dbe3\n\t0x7ff745b77b60\n\t0x7ff745b71f5d\n\t0x7ff745b9311a\n\t0x7ff7458b60a5\n\t0x7ff7458be73c\n\t0x7ff7458a3844\n\t0x7ff7458a39f6\n\t0x7ff745889a07\n\t0x7fff4d5be8d7\n\t0x7fff4f66c53c\n"}
{"timestamp": "2026-02-01T21:57:51.326857", "user": "SYSTEM", "action": "EXECUTION_COMPLETE", "resource": "DailyOrchestrator", "status": "SUCCESS", "details": "Duration: 92.44s, Errors: 6, Warnings: 0"}
